  Building Custom Rule C:/github/HASSAM/hole_detection_2/CMakeLists.txt
  hole_detection.cpp
cl : 명령줄 warning D9002: 알 수 없는 '-g' 옵션을 무시합니다.
C:\Program Files\PCL 1.11.1\3rdParty\Boost\include\boost-1_74\boost/function_output_iterator.hpp(14): message : This header is deprecated. Use <boost/iterator/function_output_iterator.hpp> instead.
C:\Program Files\PCL 1.11.1\include\pcl-1.11\pcl/visualization/point_cloud_color_handlers.h(611,1): warning C4996: 'pcl::visualization::PointCloudColorHandler<pcl::PCLPointCloud2>::getColor': use getColor() without parameters instead (It will be removed in PCL 1.12)
C:\Program Files\PCL 1.11.1\include\pcl-1.11\pcl/visualization/point_cloud_color_handlers.h(621): message : 'pcl::visualization::PointCloudColorHandler<pcl::PCLPointCloud2>::getColor' 선언을 참조하십시오.
C:\Program Files\PCL 1.11.1\include\pcl-1.11\pcl/visualization/interactor_style.h(1,1): warning C4819: 현재 코드 페이지(949)에서 표시할 수 없는 문자가 파일에 들어 있습니다. 데이터가 손실되지 않게 하려면 해당 파일을 유니코드 형식으로 저장하십시오.
C:\Program Files\PCL 1.11.1\include\pcl-1.11\pcl/visualization/pcl_visualizer.h(1606,1): warning C4819: 현재 코드 페이지(949)에서 표시할 수 없는 문자가 파일에 들어 있습니다. 데이터가 손실되지 않게 하려면 해당 파일을 유니코드 형식으로 저장하십시오.
C:\Program Files\PCL 1.11.1\include\pcl-1.11\pcl/io/low_level_io.h(73,5): warning C4996: '_open': This function or variable may be unsafe. Consider using _sopen_s instead. To disable deprecation, use _CRT_SECURE_NO_WARNINGS. See online help for details.
C:\Program Files (x86)\Windows Kits\10\Include\10.0.18362.0\ucrt\corecrt_io.h(390): message : '_open' 선언을 참조하십시오.
C:\Program Files\PCL 1.11.1\include\pcl-1.11\pcl/io/low_level_io.h(78,5): warning C4996: '_open': This function or variable may be unsafe. Consider using _sopen_s instead. To disable deprecation, use _CRT_SECURE_NO_WARNINGS. See online help for details.
C:\Program Files (x86)\Windows Kits\10\Include\10.0.18362.0\ucrt\corecrt_io.h(390): message : '_open' 선언을 참조하십시오.
C:\github\HASSAM\hole_detection_2\hole_detection.cpp(276,26): error C2131: 식이 상수로 계산되지 않았습니다.
C:\github\HASSAM\hole_detection_2\hole_detection.cpp(276,22): message : 수명을 벗어난 변수 읽기로 인해 오류가 발생했습니다.
C:\github\HASSAM\hole_detection_2\hole_detection.cpp(276,22): message : 'node' 사용량 참조
C:\github\HASSAM\hole_detection_2\hole_detection.cpp(307,34): error C3863: 배열 형식 'int [node->8<L_ALIGN>16]'은(는) 할당할 수 없습니다.
C:\github\HASSAM\hole_detection_2\hole_detection.cpp(328,1): error C2296: '*': 왼쪽 피연산자 형식으로 'int [node->8<L_ALIGN>16]'을(를) 사용할 수 없습니다.
C:\github\HASSAM\hole_detection_2\hole_detection.cpp(353,39): error C2131: 식이 상수로 계산되지 않았습니다.
C:\github\HASSAM\hole_detection_2\hole_detection.cpp(353,21): message : 수명을 벗어난 변수 읽기로 인해 오류가 발생했습니다.
C:\github\HASSAM\hole_detection_2\hole_detection.cpp(353,21): message : 'cloud' 사용량 참조
C:\github\HASSAM\hole_detection_2\hole_detection.cpp(356,51): error C3863: 배열 형식 'Node *['함수']'은(는) 할당할 수 없습니다.
C:\github\HASSAM\hole_detection_2\hole_detection.cpp(406,26): error C2131: 식이 상수로 계산되지 않았습니다.
C:\github\HASSAM\hole_detection_2\hole_detection.cpp(406,20): message : 수명을 벗어난 변수 읽기로 인해 오류가 발생했습니다.
C:\github\HASSAM\hole_detection_2\hole_detection.cpp(406,20): message : 'vertex' 사용량 참조
C:\github\HASSAM\hole_detection_2\hole_detection.cpp(416,32): error C3863: 배열 형식 'float [vertex->8<L_ALIGN>16]'은(는) 할당할 수 없습니다.
C:\github\HASSAM\hole_detection_2\hole_detection.cpp(421,36): error C3863: 배열 형식 'float [vertex->8<L_ALIGN>16]'은(는) 할당할 수 없습니다.
C:\github\HASSAM\hole_detection_2\hole_detection.cpp(422,31): error C3863: 배열 형식 'float [vertex->8<L_ALIGN>16]'은(는) 할당할 수 없습니다.
C:\github\HASSAM\hole_detection_2\hole_detection.cpp(428,30): error C3863: 배열 형식 'float [vertex->8<L_ALIGN>16]'은(는) 할당할 수 없습니다.
